<?xml version="1.0" encoding="UTF-8"?>
<testng-results ignored="0" total="1" passed="1" failed="0" skipped="0">
  <reporter-output>
  </reporter-output>
  <suite started-at="2022-09-18T12:22:14 IST" name="Suite" finished-at="2022-09-18T12:22:24 IST" duration-ms="9713">
    <groups>
    </groups>
    <test started-at="2022-09-18T12:22:14 IST" name="Test" finished-at="2022-09-18T12:22:24 IST" duration-ms="9713">
      <class name="GpOne.ArtiFactMaven.LoginTest">
        <test-method signature="main()[pri:0, instance:GpOne.ArtiFactMaven.LoginTest@290222c1]" started-at="2022-09-18T12:22:14 IST" name="main" finished-at="2022-09-18T12:22:24 IST" duration-ms="9673" status="PASS">
          <reporter-output>
          </reporter-output>
        </test-method> <!-- main -->
      </class> <!-- GpOne.ArtiFactMaven.LoginTest -->
    </test> <!-- Test -->
  </suite> <!-- Suite -->
</testng-results>
