<?xml version="1.0" encoding="UTF-8"?>
<testng-results ignored="0" total="1" passed="1" failed="0" skipped="0">
  <reporter-output>
  </reporter-output>
  <suite started-at="2022-09-17T16:24:33 IST" name="Suite" finished-at="2022-09-17T16:24:33 IST" duration-ms="81">
    <groups>
    </groups>
    <test started-at="2022-09-17T16:24:33 IST" name="Test" finished-at="2022-09-17T16:24:33 IST" duration-ms="81">
      <class name="GpOne.ArtiFactMaven.LoginTest">
        <test-method signature="test()[pri:0, instance:GpOne.ArtiFactMaven.LoginTest@4803b726]" started-at="2022-09-17T16:24:33 IST" name="test" finished-at="2022-09-17T16:24:33 IST" duration-ms="14" status="PASS">
          <reporter-output>
          </reporter-output>
        </test-method> <!-- test -->
      </class> <!-- GpOne.ArtiFactMaven.LoginTest -->
    </test> <!-- Test -->
  </suite> <!-- Suite -->
</testng-results>
